{
  "RSpec": {
    "coverage": {
      "/Users/RvB1980/sites/rails/instamap/app/controllers/application_controller.rb": [
        1,
        1,
        null
      ],
      "/Users/RvB1980/sites/rails/instamap/app/helpers/application_helper.rb": [
        1,
        1,
        0,
        null,
        null,
        1,
        0,
        null,
        null
      ],
      "/Users/RvB1980/sites/rails/instamap/app/helpers/instamap_helper.rb": [
        1,
        null
      ],
      "/Users/RvB1980/sites/rails/instamap/app/helpers/users_helper.rb": [
        1,
        null
      ],
      "/Users/RvB1980/sites/rails/instamap/app/controllers/instamap_controller.rb": [
        1,
        null,
        1,
        null,
        null,
        1,
        0,
        0,
        0,
        null,
        null,
        0,
        0,
        null,
        null,
        null,
        1,
        0,
        0,
        null,
        null,
        1,
        0,
        0,
        0,
        0,
        0,
        null,
        null
      ],
      "/Users/RvB1980/sites/rails/instamap/app/controllers/users_controller.rb": [
        1,
        null,
        1,
        null,
        1,
        null,
        0,
        null,
        null,
        1,
        0,
        null,
        null,
        null,
        null,
        null,
        null,
        null,
        null,
        0,
        null,
        0,
        0,
        0,
        0,
        null,
        0,
        null,
        null,
        null,
        1,
        3,
        3,
        1,
        1,
        0,
        0,
        0,
        0,
        1,
        1,
        null,
        null,
        2,
        2,
        2,
        2,
        null,
        null,
        null,
        1,
        1,
        1,
        null,
        null,
        1,
        null,
        1,
        0,
        null,
        null
      ],
      "/Users/RvB1980/sites/rails/instamap/app/models/user.rb": [
        1,
        1,
        null,
        1,
        0,
        null,
        null,
        null,
        null,
        null,
        null,
        null,
        null
      ],
      "/Users/RvB1980/sites/rails/instamap/app/mailers/user_mailer.rb": [
        1,
        1,
        null,
        1,
        0,
        0,
        0,
        0,
        null,
        null
      ]
    },
    "timestamp": 1357347525
  }
}
